2023.07.13 19:32:17 INFO  Started: Metals version 0.11.12 in workspace '/home/tmilner/git/tmilner.co.uk' for client Visual Studio Code 1.80.0.
Jul 13, 2023 7:32:17 PM org.flywaydb.core.internal.license.VersionPrinter printVersionOnly
INFO: Flyway Community Edition 9.16.3 by Redgate
Jul 13, 2023 7:32:17 PM org.flywaydb.core.internal.license.VersionPrinter printVersion
INFO: See release notes here: https://rd.gt/416ObMi
Jul 13, 2023 7:32:17 PM org.flywaydb.core.internal.license.VersionPrinter printVersion
INFO: 
Jul 13, 2023 7:32:17 PM org.flywaydb.core.internal.database.base.BaseDatabaseType createDatabase
INFO: Database: jdbc:h2:file:/home/tmilner/git/tmilner.co.uk/.metals/metals (H2 2.1)
Jul 13, 2023 7:32:17 PM org.flywaydb.core.internal.schemahistory.JdbcTableSchemaHistory allAppliedMigrations
INFO: Schema history table "PUBLIC"."flyway_schema_history" does not exist yet
Jul 13, 2023 7:32:17 PM org.flywaydb.core.internal.command.DbValidate validate
INFO: Successfully validated 4 migrations (execution time 00:00.011s)
Jul 13, 2023 7:32:17 PM org.flywaydb.core.internal.schemahistory.JdbcTableSchemaHistory create
INFO: Creating Schema History table "PUBLIC"."flyway_schema_history" ...
Jul 13, 2023 7:32:17 PM org.flywaydb.core.internal.command.DbMigrate migrateGroup
INFO: Current version of schema "PUBLIC": << Empty Schema >>
Jul 13, 2023 7:32:17 PM org.flywaydb.core.internal.command.DbMigrate doMigrateGroup
INFO: Migrating schema "PUBLIC" to version "1 - Create tables"
Jul 13, 2023 7:32:17 PM org.flywaydb.core.internal.command.DbMigrate doMigrateGroup
INFO: Migrating schema "PUBLIC" to version "2 - Server discovery"
Jul 13, 2023 7:32:17 PM org.flywaydb.core.internal.command.DbMigrate doMigrateGroup
INFO: Migrating schema "PUBLIC" to version "3 - Jar symbols"
Jul 13, 2023 7:32:17 PM org.flywaydb.core.internal.command.DbMigrate doMigrateGroup
INFO: Migrating schema "PUBLIC" to version "4 - Fingerprints"
Jul 13, 2023 7:32:17 PM org.flywaydb.core.internal.command.DbMigrate logSummary
INFO: Successfully applied 4 migrations to schema "PUBLIC", now at version v4 (execution time 00:00.031s)
2023.07.13 19:32:17 INFO  time: initialize in 0.44s
2023.07.13 19:32:17 WARN  Build server is not auto-connectable.
2023.07.13 19:32:17 WARN  no build tool detected in workspace '/home/tmilner/git/tmilner.co.uk'. The most common cause for this problem is that the editor was opened in the wrong working directory, for example if you use sbt then the workspace directory should contain build.sbt. 
Jul 13, 2023 8:29:49 PM org.eclipse.lsp4j.jsonrpc.services.GenericEndpoint notify
INFO: Unsupported notification method: $/setTrace
